<?xml version="1.0" encoding="UTF-8"?>
<testsuite name="Generate a pdf" tests="1" skipped="0" failures="0" errors="0" timestamp="2021-11-17T17:10:35" hostname="CHMEPPF1JVKUB" time="22.325">
  <properties/>
  <testcase name="Generate a pdf from the Bancolombia page" classname="Generate a pdf" time="22.325"/>
  <system-out><![CDATA[]]></system-out>
  <system-err><![CDATA[[Test worker] WARN net.thucydides.core.steps.BaseStepListener - stepStarted: net.thucydides.core.steps.ExecutedStepDescription@76248a59
[Test worker] WARN net.thucydides.core.steps.BaseStepListener - stepStarted: net.thucydides.core.steps.ExecutedStepDescription@de3ef14
[Test worker] WARN net.thucydides.core.steps.BaseStepListener - stepStarted: net.thucydides.core.steps.ExecutedStepDescription@2d25db45
nov 17, 2021 12:10:35 PM org.openqa.selenium.remote.DesiredCapabilities chrome
INFORMACIÓN: Using `new ChromeOptions()` is preferred to `DesiredCapabilities.chrome()`
[Test worker] INFO net.serenitybdd.core.webdriver.driverproviders.ProvideNewDriver - Instantiating driver
[Test worker] INFO net.serenitybdd.core.webdriver.driverproviders.ProvideNewDriver - Driver capabilities: Capabilities {acceptInsecureCerts: false, browserName: chrome, chrome.switches: --start-maximized, goog:chromeOptions: {args: [--start-maximized], extensions: []}, loggingPrefs: org.openqa.selenium.logging..., platform: ANY, version: }
Starting ChromeDriver 95.0.4638.54 (d31a821ec901f68d0d34ccdbaea45b4c86ce543e-refs/branch-heads/4638@{#871}) on port 18985
Only local connections are allowed.
Please see https://chromedriver.chromium.org/security-considerations for suggestions on keeping ChromeDriver safe.
ChromeDriver was started successfully.
[1637169040.364][WARNING]: This version of ChromeDriver has not been tested with Chrome version 96.
nov 17, 2021 12:10:40 PM org.openqa.selenium.remote.ProtocolHandshake createSession
INFORMACIÓN: Detected dialect: W3C
[Test worker] WARN net.thucydides.core.steps.BaseStepListener - stepFinished: current outcome:Generate a pdf from the Bancolombia page:Given Maria enter the Bancolombia page [Maria open up page [Maria opens the Page bancolombia]]
[Test worker] WARN net.thucydides.core.steps.BaseStepListener - stepFinished: current outcome:Generate a pdf from the Bancolombia page:Given Maria enter the Bancolombia page [Maria open up page [Maria opens the Page bancolombia]]
[Test worker] WARN net.thucydides.core.steps.BaseStepListener - stepStarted: net.thucydides.core.steps.ExecutedStepDescription@581ca5cc
[Test worker] WARN net.thucydides.core.steps.BaseStepListener - stepStarted: net.thucydides.core.steps.ExecutedStepDescription@12b147cf
[Test worker] WARN net.thucydides.core.steps.BaseStepListener - stepFinished: current outcome:Generate a pdf from the Bancolombia page:Given Maria enter the Bancolombia page [Maria open up page [Maria opens the Page bancolombia], Maria productos button [Maria clicks on The button x]]
[Test worker] WARN net.thucydides.core.steps.BaseStepListener - stepStarted: net.thucydides.core.steps.ExecutedStepDescription@2c456eab
[Test worker] WARN net.thucydides.core.steps.BaseStepListener - stepFinished: current outcome:Generate a pdf from the Bancolombia page:Given Maria enter the Bancolombia page [Maria open up page [Maria opens the Page bancolombia], Maria productos button [Maria clicks on The button x, Maria clicks on The button Personas]]
[Test worker] WARN net.thucydides.core.steps.BaseStepListener - stepFinished: current outcome:Generate a pdf from the Bancolombia page:Given Maria enter the Bancolombia page [Maria open up page [Maria opens the Page bancolombia], Maria productos button [Maria clicks on The button x, Maria clicks on The button Personas]]
[Test worker] WARN net.thucydides.core.steps.BaseStepListener - stepFinished: current outcome:Generate a pdf from the Bancolombia page:Given Maria enter the Bancolombia page [Maria open up page [Maria opens the Page bancolombia], Maria productos button [Maria clicks on The button x, Maria clicks on The button Personas]]
[Test worker] WARN net.thucydides.core.steps.BaseStepListener - stepStarted: net.thucydides.core.steps.ExecutedStepDescription@4dcd087c
[Test worker] WARN net.thucydides.core.steps.BaseStepListener - stepStarted: net.thucydides.core.steps.ExecutedStepDescription@1a39c1b3
[Test worker] WARN net.thucydides.core.steps.BaseStepListener - stepStarted: net.thucydides.core.steps.ExecutedStepDescription@561359c5
[Test worker] WARN net.thucydides.core.steps.BaseStepListener - stepFinished: current outcome:Generate a pdf from the Bancolombia page:Given Maria enter the Bancolombia page [Maria open up page [Maria opens the Page bancolombia], Maria productos button [Maria clicks on The button x, Maria clicks on The button Personas]], When select the Inversiones option for Monto mínimo de $500.000 about the Conoce Mas option [Maria inversion options [Maria clicks on The button Personas]]
[Test worker] WARN net.thucydides.core.steps.BaseStepListener - stepStarted: net.thucydides.core.steps.ExecutedStepDescription@4bd2473b
[Test worker] WARN net.thucydides.core.steps.BaseStepListener - stepFinished: current outcome:Generate a pdf from the Bancolombia page:Given Maria enter the Bancolombia page [Maria open up page [Maria opens the Page bancolombia], Maria productos button [Maria clicks on The button x, Maria clicks on The button Personas]], When select the Inversiones option for Monto mínimo de $500.000 about the Conoce Mas option [Maria inversion options [Maria clicks on The button Personas, Maria clicks on The button Personas]]
[Test worker] WARN net.thucydides.core.steps.BaseStepListener - stepStarted: net.thucydides.core.steps.ExecutedStepDescription@3998ba99
[Test worker] WARN net.thucydides.core.steps.BaseStepListener - stepFinished: current outcome:Generate a pdf from the Bancolombia page:Given Maria enter the Bancolombia page [Maria open up page [Maria opens the Page bancolombia], Maria productos button [Maria clicks on The button x, Maria clicks on The button Personas]], When select the Inversiones option for Monto mínimo de $500.000 about the Conoce Mas option [Maria inversion options [Maria clicks on The button Personas, Maria clicks on The button Personas, Maria clicks on tipo inversion]]
[Test worker] WARN net.thucydides.core.steps.BaseStepListener - stepStarted: net.thucydides.core.steps.ExecutedStepDescription@312ea536
[Test worker] WARN net.thucydides.core.steps.BaseStepListener - stepFinished: current outcome:Generate a pdf from the Bancolombia page:Given Maria enter the Bancolombia page [Maria open up page [Maria opens the Page bancolombia], Maria productos button [Maria clicks on The button x, Maria clicks on The button Personas]], When select the Inversiones option for Monto mínimo de $500.000 about the Conoce Mas option [Maria inversion options [Maria clicks on The button Personas, Maria clicks on The button Personas, Maria clicks on tipo inversion, Maria clicks on More]]
[Test worker] WARN net.thucydides.core.steps.BaseStepListener - stepFinished: current outcome:Generate a pdf from the Bancolombia page:Given Maria enter the Bancolombia page [Maria open up page [Maria opens the Page bancolombia], Maria productos button [Maria clicks on The button x, Maria clicks on The button Personas]], When select the Inversiones option for Monto mínimo de $500.000 about the Conoce Mas option [Maria inversion options [Maria clicks on The button Personas, Maria clicks on The button Personas, Maria clicks on tipo inversion, Maria clicks on More]]
[Test worker] WARN net.thucydides.core.steps.BaseStepListener - stepFinished: current outcome:Generate a pdf from the Bancolombia page:Given Maria enter the Bancolombia page [Maria open up page [Maria opens the Page bancolombia], Maria productos button [Maria clicks on The button x, Maria clicks on The button Personas]], When select the Inversiones option for Monto mínimo de $500.000 about the Conoce Mas option [Maria inversion options [Maria clicks on The button Personas, Maria clicks on The button Personas, Maria clicks on tipo inversion, Maria clicks on More]]
[Test worker] WARN net.thucydides.core.steps.BaseStepListener - stepStarted: net.thucydides.core.steps.ExecutedStepDescription@21e154ad
[Test worker] WARN net.thucydides.core.steps.BaseStepListener - stepStarted: net.thucydides.core.steps.ExecutedStepDescription@18dff596
[Test worker] WARN net.thucydides.core.steps.BaseStepListener - stepStarted: net.thucydides.core.steps.ExecutedStepDescription@1b661c74
[Test worker] WARN net.thucydides.core.steps.BaseStepListener - stepFinished: current outcome:Generate a pdf from the Bancolombia page:Given Maria enter the Bancolombia page [Maria open up page [Maria opens the Page bancolombia], Maria productos button [Maria clicks on The button x, Maria clicks on The button Personas]], When select the Inversiones option for Monto mínimo de $500.000 about the Conoce Mas option [Maria inversion options [Maria clicks on The button Personas, Maria clicks on The button Personas, Maria clicks on tipo inversion, Maria clicks on More]], And select the Documentos option download the PDF Reglamento de Inversion Virtual Bancolombia [Maria document option [Maria clicks on The button document]]
[Test worker] WARN net.thucydides.core.steps.BaseStepListener - stepStarted: net.thucydides.core.steps.ExecutedStepDescription@17cd8b0
[Test worker] WARN net.thucydides.core.steps.BaseStepListener - stepFinished: current outcome:Generate a pdf from the Bancolombia page:Given Maria enter the Bancolombia page [Maria open up page [Maria opens the Page bancolombia], Maria productos button [Maria clicks on The button x, Maria clicks on The button Personas]], When select the Inversiones option for Monto mínimo de $500.000 about the Conoce Mas option [Maria inversion options [Maria clicks on The button Personas, Maria clicks on The button Personas, Maria clicks on tipo inversion, Maria clicks on More]], And select the Documentos option download the PDF Reglamento de Inversion Virtual Bancolombia [Maria document option [Maria clicks on The button document, Maria clicks on The button download]]
[Test worker] WARN net.thucydides.core.steps.BaseStepListener - stepFinished: current outcome:Generate a pdf from the Bancolombia page:Given Maria enter the Bancolombia page [Maria open up page [Maria opens the Page bancolombia], Maria productos button [Maria clicks on The button x, Maria clicks on The button Personas]], When select the Inversiones option for Monto mínimo de $500.000 about the Conoce Mas option [Maria inversion options [Maria clicks on The button Personas, Maria clicks on The button Personas, Maria clicks on tipo inversion, Maria clicks on More]], And select the Documentos option download the PDF Reglamento de Inversion Virtual Bancolombia [Maria document option [Maria clicks on The button document, Maria clicks on The button download]]
[Test worker] WARN net.thucydides.core.steps.BaseStepListener - stepFinished: current outcome:Generate a pdf from the Bancolombia page:Given Maria enter the Bancolombia page [Maria open up page [Maria opens the Page bancolombia], Maria productos button [Maria clicks on The button x, Maria clicks on The button Personas]], When select the Inversiones option for Monto mínimo de $500.000 about the Conoce Mas option [Maria inversion options [Maria clicks on The button Personas, Maria clicks on The button Personas, Maria clicks on tipo inversion, Maria clicks on More]], And select the Documentos option download the PDF Reglamento de Inversion Virtual Bancolombia [Maria document option [Maria clicks on The button document, Maria clicks on The button download]]
[Test worker] WARN net.thucydides.core.steps.BaseStepListener - stepStarted: net.thucydides.core.steps.ExecutedStepDescription@6d64c08d
[Test worker] WARN net.thucydides.core.steps.BaseStepListener - stepFinished: current outcome:Generate a pdf from the Bancolombia page:Given Maria enter the Bancolombia page [Maria open up page [Maria opens the Page bancolombia], Maria productos button [Maria clicks on The button x, Maria clicks on The button Personas]], When select the Inversiones option for Monto mínimo de $500.000 about the Conoce Mas option [Maria inversion options [Maria clicks on The button Personas, Maria clicks on The button Personas, Maria clicks on tipo inversion, Maria clicks on More]], And select the Documentos option download the PDF Reglamento de Inversion Virtual Bancolombia [Maria document option [Maria clicks on The button document, Maria clicks on The button download]], Then the document is generate
[Test worker] WARN net.thucydides.core.steps.BaseStepListener - testFinished: Generate a pdf from the Bancolombia page:Given Maria enter the Bancolombia page [Maria open up page [Maria opens the Page bancolombia], Maria productos button [Maria clicks on The button x, Maria clicks on The button Personas]], When select the Inversiones option for Monto mínimo de $500.000 about the Conoce Mas option [Maria inversion options [Maria clicks on The button Personas, Maria clicks on The button Personas, Maria clicks on tipo inversion, Maria clicks on More]], And select the Documentos option download the PDF Reglamento de Inversion Virtual Bancolombia [Maria document option [Maria clicks on The button document, Maria clicks on The button download]], Then the document is generate
[Test worker] WARN net.thucydides.core.steps.BaseStepListener - TestOutcomes: [Generate a pdf from the Bancolombia page:Given Maria enter the Bancolombia page [Maria open up page [Maria opens the Page bancolombia], Maria productos button [Maria clicks on The button x, Maria clicks on The button Personas]], When select the Inversiones option for Monto mínimo de $500.000 about the Conoce Mas option [Maria inversion options [Maria clicks on The button Personas, Maria clicks on The button Personas, Maria clicks on tipo inversion, Maria clicks on More]], And select the Documentos option download the PDF Reglamento de Inversion Virtual Bancolombia [Maria document option [Maria clicks on The button document, Maria clicks on The button download]], Then the document is generate]
[Test worker] WARN net.thucydides.core.steps.BaseStepListener - Final testOutcomes: [Generate a pdf from the Bancolombia page:Given Maria enter the Bancolombia page [Maria open up page [Maria opens the Page bancolombia], Maria productos button [Maria clicks on The button x, Maria clicks on The button Personas]], When select the Inversiones option for Monto mínimo de $500.000 about the Conoce Mas option [Maria inversion options [Maria clicks on The button Personas, Maria clicks on The button Personas, Maria clicks on tipo inversion, Maria clicks on More]], And select the Documentos option download the PDF Reglamento de Inversion Virtual Bancolombia [Maria document option [Maria clicks on The button document, Maria clicks on The button download]], Then the document is generate]
[Test worker] INFO net.thucydides.core.steps.ConsoleLoggingListener - 
        __    _____ _____ ____ _____   ____   _    ____  ____  _____ ____  
  _     \ \  |_   _| ____/ ___|_   _| |  _ \ / \  / ___|/ ___|| ____|  _ \ 
 (_)_____| |   | | |  _| \___ \ | |   | |_) / _ \ \___ \\___ \|  _| | | | |
  _|_____| |   | | | |___ ___) || |   |  __/ ___ \ ___) |___) | |___| |_| |
 (_)     | |   |_| |_____|____/ |_|   |_| /_/   \_\____/|____/|_____|____/ 
        /_/                                                                

TEST PASSED: Generate a pdf from the Bancolombia page
----------------------------------------------------------------------------
]]></system-err>
</testsuite>
