<?xml version="1.0" encoding="UTF-8"?>
<testsuite name="Generate a pdf" tests="1" skipped="0" failures="0" errors="0" timestamp="2021-11-22T00:05:27" hostname="CHMEPPF1JVKUB" time="43.312">
  <properties/>
  <testcase name="Generate a pdf from the Bancolombia page" classname="Generate a pdf" time="43.312"/>
  <system-out><![CDATA[ 
 
 
 
 
Bancolombia, pone a disposición del titular del producto Inversión Virtual el presente Reglamento de forma previa a 
su constitución, con la finalidad de dar a conocer la información general y reglas que rigen el producto.  
1. ¿Qué es Inversión Virtual Bancolombia? 
La Inversión Virtual Bancolombia, es un depósito a término tal y como está previsto en el artículo 1393 del Código de 
Comercio que se constituye de forma virtual y en el caso de su materialización, por tratarse de un documento que comparte 
las características de los títulos valores, le son aplicables las normas propias de aquellos. 
2. Requisitos para acceder al producto 
2.1. Podrá ser titular de una Inversión Virtual una (1) sola persona natural o jurídica, 
 PARA TENER EN CUENTA 
Las Personas Jurídicas 
siendo siempre éste un depósito individual. Bancolombia reconocerá como acreedor de 
privadas o públicas deben 
la Inversión Virtual a quien haya ordenado su constitución 
validar su régimen legal de 
2.2.  El medio habilitado para realizar la apertura de la Inversión Virtual será a través de 
inversión de excedentes de 
una cuenta de ahorro o corriente Bancolombia que El Titular disponga para este fin. 
liquidez para constituir una 
inversión virtual en 
Bancolombia 
3. ¿Cómo y dónde puede constituirse?  
Su apertura se realizará a través de la Sucursal Virtual de Bancolombia o a través de los demás canales que se 
habilitaren para ello, con débito a los recursos que se encuentren disponibles en la cuenta de ahorro o corriente asociada 
para este fin por El Titular, utilizando los mecanismos de autenticación definidos por el Banco. 
 
No podrá ejecutarse la apertura de una Inversión Virtual cuando: 
 
 Se haga con cargo a recursos depositados en cuentas de terceros o cuando la cuenta seleccionada pertenezca a 
más de un titular. 
 Cuando los recursos propios no estén disponibles para tal fin, por ejemplo, en casos tales como embargo, 
insuficiencia de fondos, saldo en canje, etcétera. 
4. Características de la Inversión Virtual - Depósito a Término  
 CARACTERISTICAS  
A. El Titular podrá seleccionar su plazo al momento de la apertura de esta, teniendo un plazo mínimo 
de treinta (30) días calendario y un plazo máximo de cinco (5) años.  
1. PLAZO 
B. Es irredimible antes de su vencimiento. 
Se remunerará con una tasa de interés nominal, liquidando los intereses a la tasa nominal anual 
 
base 360 días, los cuales serán pagados de acuerdo con la modalidad selecciona al momento de la 
2. REMUNERACIÓN 
constitución. 
  
 
La modalidad aplicable para la liquidación y pago de los intereses, 
 PARA TENER EN CUENTA  
que podrá seleccionarse al momento de la constitución de la 
Los intereses que se causen y 
 
inversión virtual es: 
paguen estarán sujetos al 
3. PAGO DE 
régimen tributario vigente al 
INTERESES 
 Al vencimiento del plazo de la Inversión Virtual. 
momento del pago o abono en 
 Periódicamente: mensual.  
cuenta.  
4. EMBARGO 
El depósito es embargable de acuerdo con los términos establecidos por la ley. 
Se encuentra cobijada por el beneficio de entrega de saldo sin juicio de sucesión dentro de los 
5. SUCESIÓN 
límites previstos para ello. 
6. FOGAFIN 
Cuenta con la protección del Seguro de Depósito FOGAFIN.  
Todos los impuestos, tasas o contribuciones que demande la constitución o cancelación de este 
7. IMPUESTOS 
producto corren por cuenta de El Titular del mismo. 
5. Conversión a CDT (Materialización) 
El Titular de la Inversión Virtual podrá solicitar a Bancolombia la expedición física del Certificado del Depósito a Término 
CDT constituido en forma virtual, según las siguientes reglas: 
 
 La solicitud puede realizarse en   El Certificado de Depósito a Término CDT 
cualquier momento, siempre que sea que se emita será un título nominativo y 
haga con anterioridad al día previsto para negociable por medio del endoso de acuerdo 
el vencimiento final de la inversión virtual. con lo establecido en el artículo 648 del 
Código de Comercio y le aplicarán las 
 
 La solicitud de expedición impresa del  
condiciones contenidas en el reglamento del 
Certificado de Depósito a Término CDT 
CDT. 
podrá realizarse en cualquier sucursal 
 
física de Bancolombia. 
 
   Mientras El Titular no solicite la expedición 
La solicitud debe ser adelantada por El del Certificado del Depósito a Término CDT, 
Titular o por la persona que esté el comprobante de constitución de la 
debidamente autorizada. Inversión Virtual expedido por Bancolombia 
de forma electrónica será prueba de la 
existencia de esta. 
 
6. Vencimiento del plazo de la Inversión virtual - Depósito a Término  
Una vez vencido el plazo de la inversión virtual sin que El Titular haya solicitado la expedición del Certificado del Depósito 
a Término CDT la Inversión Virtual se cancelará de forma automática y el capital y los intereses causados y pendientes 
de pago, de haberlos, serán abonados a la cuenta de ahorro o corriente que El Titular haya asociado a la Inversión Virtual 
al momento de su constitución. 
7. Antilavado y anticorrupción  
Bancolombia podrá dar por terminada de manera unilateral la relación contractual existente sin que haya lugar al pago de 
indemnización alguna, cuando El Titular Persona Natural o los terceros actuando en su representación,  o cuando el Titular  
Persona Jurídica, sus representantes legales, sus administradores, sus directivos o terceros actuando en su 
representación, sus asociados o accionistas directos e indirectos con una participación mayor al 5% en el capital social o 
sus subordinadas durante la vigencia de la relación contractual sean:  
  
 
 
Condenado(s) por parte de las autoridades competentes por la comisión de delitos relacionados con el lavado 
 
de activos, sus delitos fuente incluidos aquellos relacionados con corrupción, o la financiación del terrorismo. 
Sancionado(s) administrativamente por violaciones a cualquier norma anticorrupción, antilavado de activos y 
contra la financiación del terrorismo. 
Incluido(s) en listas administradas por cualquier autoridad nacional o extranjera para el control de lavado de 
activos y/o financiación del terrorismo y/o corrupción en cualquiera de sus modalidades. 
Vinculado(s) a cualquier tipo de investigación, proceso judicial, administrativo, disciplinario o fiscal, adelantado 
por las autoridades competentes del orden nacional o extranjero, por la presunta comisión de delitos o 
conductas sancionables relacionados con el lavado de activos, sus delitos fuente y/o financiación del terrorismo 
o la violación de cualquier norma anticorrupción. 
 
 
]]></system-out>
  <system-err><![CDATA[[Test worker] WARN net.thucydides.core.steps.BaseStepListener - stepStarted: net.thucydides.core.steps.ExecutedStepDescription@760cb1aa
[Test worker] WARN net.thucydides.core.steps.BaseStepListener - stepStarted: net.thucydides.core.steps.ExecutedStepDescription@46b62eaf
[Test worker] WARN net.thucydides.core.steps.BaseStepListener - stepStarted: net.thucydides.core.steps.ExecutedStepDescription@3b57b61d
nov 21, 2021 7:05:28 PM org.openqa.selenium.remote.DesiredCapabilities chrome
INFORMACIÓN: Using `new ChromeOptions()` is preferred to `DesiredCapabilities.chrome()`
[Test worker] INFO net.serenitybdd.core.webdriver.driverproviders.ProvideNewDriver - Instantiating driver
[Test worker] INFO net.serenitybdd.core.webdriver.driverproviders.ProvideNewDriver - Driver capabilities: Capabilities {acceptInsecureCerts: false, browserName: chrome, chrome.switches: --start-maximized, goog:chromeOptions: {args: [--start-maximized], extensions: [], prefs: {download.default_directory: /Users/gvillamizarj/Downloads, plugins.always_open_pdf_externally: true, profile_default_content_settings.popups: 0}}, loggingPrefs: org.openqa.selenium.logging..., platform: ANY, version: }
Starting ChromeDriver 95.0.4638.54 (d31a821ec901f68d0d34ccdbaea45b4c86ce543e-refs/branch-heads/4638@{#871}) on port 28746
Only local connections are allowed.
Please see https://chromedriver.chromium.org/security-considerations for suggestions on keeping ChromeDriver safe.
ChromeDriver was started successfully.
[1637539535.147][WARNING]: This version of ChromeDriver has not been tested with Chrome version 96.
nov 21, 2021 7:05:35 PM org.openqa.selenium.remote.ProtocolHandshake createSession
INFORMACIÓN: Detected dialect: W3C
[Test worker] WARN net.thucydides.core.steps.BaseStepListener - stepFinished: current outcome:Generate a pdf from the Bancolombia page:Given Maria enter the Bancolombia page [Maria open up page [Maria opens the Page bancolombia]]
[Test worker] WARN net.thucydides.core.steps.BaseStepListener - stepFinished: current outcome:Generate a pdf from the Bancolombia page:Given Maria enter the Bancolombia page [Maria open up page [Maria opens the Page bancolombia]]
[Test worker] WARN net.thucydides.core.steps.BaseStepListener - stepStarted: net.thucydides.core.steps.ExecutedStepDescription@6e80a6fa
[Test worker] WARN net.thucydides.core.steps.BaseStepListener - stepStarted: net.thucydides.core.steps.ExecutedStepDescription@d19b85e
[Test worker] WARN net.thucydides.core.steps.BaseStepListener - stepFinished: current outcome:Generate a pdf from the Bancolombia page:Given Maria enter the Bancolombia page [Maria open up page [Maria opens the Page bancolombia], Maria productos button [Maria clicks on The button x]]
[Test worker] WARN net.thucydides.core.steps.BaseStepListener - stepStarted: net.thucydides.core.steps.ExecutedStepDescription@6a95185d
[Test worker] WARN net.thucydides.core.steps.BaseStepListener - stepFinished: current outcome:Generate a pdf from the Bancolombia page:Given Maria enter the Bancolombia page [Maria open up page [Maria opens the Page bancolombia], Maria productos button [Maria clicks on The button x, Maria clicks on The button Personas]]
[Test worker] WARN net.thucydides.core.steps.BaseStepListener - stepFinished: current outcome:Generate a pdf from the Bancolombia page:Given Maria enter the Bancolombia page [Maria open up page [Maria opens the Page bancolombia], Maria productos button [Maria clicks on The button x, Maria clicks on The button Personas]]
[Test worker] WARN net.thucydides.core.steps.BaseStepListener - stepFinished: current outcome:Generate a pdf from the Bancolombia page:Given Maria enter the Bancolombia page [Maria open up page [Maria opens the Page bancolombia], Maria productos button [Maria clicks on The button x, Maria clicks on The button Personas]]
[Test worker] WARN net.thucydides.core.steps.BaseStepListener - stepStarted: net.thucydides.core.steps.ExecutedStepDescription@62340ee5
[Test worker] WARN net.thucydides.core.steps.BaseStepListener - stepStarted: net.thucydides.core.steps.ExecutedStepDescription@2f6a3b97
[Test worker] WARN net.thucydides.core.steps.BaseStepListener - stepStarted: net.thucydides.core.steps.ExecutedStepDescription@1bd96a3b
[Test worker] WARN net.thucydides.core.steps.BaseStepListener - stepFinished: current outcome:Generate a pdf from the Bancolombia page:Given Maria enter the Bancolombia page [Maria open up page [Maria opens the Page bancolombia], Maria productos button [Maria clicks on The button x, Maria clicks on The button Personas]], When select the Inversiones option for Monto mínimo de $500.000 about the Conoce Mas option [Maria inversion options [Maria clicks on The button Personas]]
[Test worker] WARN net.thucydides.core.steps.BaseStepListener - stepStarted: net.thucydides.core.steps.ExecutedStepDescription@1da55af6
[Test worker] WARN net.thucydides.core.steps.BaseStepListener - stepFinished: current outcome:Generate a pdf from the Bancolombia page:Given Maria enter the Bancolombia page [Maria open up page [Maria opens the Page bancolombia], Maria productos button [Maria clicks on The button x, Maria clicks on The button Personas]], When select the Inversiones option for Monto mínimo de $500.000 about the Conoce Mas option [Maria inversion options [Maria clicks on The button Personas, Maria clicks on The arrow]]
[Test worker] WARN net.thucydides.core.steps.BaseStepListener - stepStarted: net.thucydides.core.steps.ExecutedStepDescription@55a7377e
[Test worker] WARN net.thucydides.core.steps.BaseStepListener - stepFinished: current outcome:Generate a pdf from the Bancolombia page:Given Maria enter the Bancolombia page [Maria open up page [Maria opens the Page bancolombia], Maria productos button [Maria clicks on The button x, Maria clicks on The button Personas]], When select the Inversiones option for Monto mínimo de $500.000 about the Conoce Mas option [Maria inversion options [Maria clicks on The button Personas, Maria clicks on The arrow, Maria clicks on type investment]]
[Test worker] WARN net.thucydides.core.steps.BaseStepListener - stepStarted: net.thucydides.core.steps.ExecutedStepDescription@3c8f409e
[Test worker] WARN net.thucydides.core.steps.BaseStepListener - stepFinished: current outcome:Generate a pdf from the Bancolombia page:Given Maria enter the Bancolombia page [Maria open up page [Maria opens the Page bancolombia], Maria productos button [Maria clicks on The button x, Maria clicks on The button Personas]], When select the Inversiones option for Monto mínimo de $500.000 about the Conoce Mas option [Maria inversion options [Maria clicks on The button Personas, Maria clicks on The arrow, Maria clicks on type investment, Maria clicks on More]]
[Test worker] WARN net.thucydides.core.steps.BaseStepListener - stepFinished: current outcome:Generate a pdf from the Bancolombia page:Given Maria enter the Bancolombia page [Maria open up page [Maria opens the Page bancolombia], Maria productos button [Maria clicks on The button x, Maria clicks on The button Personas]], When select the Inversiones option for Monto mínimo de $500.000 about the Conoce Mas option [Maria inversion options [Maria clicks on The button Personas, Maria clicks on The arrow, Maria clicks on type investment, Maria clicks on More]]
[Test worker] WARN net.thucydides.core.steps.BaseStepListener - stepFinished: current outcome:Generate a pdf from the Bancolombia page:Given Maria enter the Bancolombia page [Maria open up page [Maria opens the Page bancolombia], Maria productos button [Maria clicks on The button x, Maria clicks on The button Personas]], When select the Inversiones option for Monto mínimo de $500.000 about the Conoce Mas option [Maria inversion options [Maria clicks on The button Personas, Maria clicks on The arrow, Maria clicks on type investment, Maria clicks on More]]
[Test worker] WARN net.thucydides.core.steps.BaseStepListener - stepStarted: net.thucydides.core.steps.ExecutedStepDescription@30e9e38b
[Test worker] WARN net.thucydides.core.steps.BaseStepListener - stepStarted: net.thucydides.core.steps.ExecutedStepDescription@5dbf84da
[Test worker] WARN net.thucydides.core.steps.BaseStepListener - stepStarted: net.thucydides.core.steps.ExecutedStepDescription@30ff19fc
[Test worker] WARN net.thucydides.core.steps.BaseStepListener - stepFinished: current outcome:Generate a pdf from the Bancolombia page:Given Maria enter the Bancolombia page [Maria open up page [Maria opens the Page bancolombia], Maria productos button [Maria clicks on The button x, Maria clicks on The button Personas]], When select the Inversiones option for Monto mínimo de $500.000 about the Conoce Mas option [Maria inversion options [Maria clicks on The button Personas, Maria clicks on The arrow, Maria clicks on type investment, Maria clicks on More]], And select the Documentos option download the PDF Reglamento de Inversion Virtual Bancolombia [Maria document option [Maria clicks on The button document]]
[Test worker] WARN net.thucydides.core.steps.BaseStepListener - stepStarted: net.thucydides.core.steps.ExecutedStepDescription@6ee55a6d
[Test worker] WARN net.thucydides.core.steps.BaseStepListener - stepFinished: current outcome:Generate a pdf from the Bancolombia page:Given Maria enter the Bancolombia page [Maria open up page [Maria opens the Page bancolombia], Maria productos button [Maria clicks on The button x, Maria clicks on The button Personas]], When select the Inversiones option for Monto mínimo de $500.000 about the Conoce Mas option [Maria inversion options [Maria clicks on The button Personas, Maria clicks on The arrow, Maria clicks on type investment, Maria clicks on More]], And select the Documentos option download the PDF Reglamento de Inversion Virtual Bancolombia [Maria document option [Maria clicks on The button document, Maria clicks on The button download]]
[Test worker] WARN net.thucydides.core.steps.BaseStepListener - stepFinished: current outcome:Generate a pdf from the Bancolombia page:Given Maria enter the Bancolombia page [Maria open up page [Maria opens the Page bancolombia], Maria productos button [Maria clicks on The button x, Maria clicks on The button Personas]], When select the Inversiones option for Monto mínimo de $500.000 about the Conoce Mas option [Maria inversion options [Maria clicks on The button Personas, Maria clicks on The arrow, Maria clicks on type investment, Maria clicks on More]], And select the Documentos option download the PDF Reglamento de Inversion Virtual Bancolombia [Maria document option [Maria clicks on The button document, Maria clicks on The button download]]
[Test worker] WARN net.thucydides.core.steps.BaseStepListener - stepFinished: current outcome:Generate a pdf from the Bancolombia page:Given Maria enter the Bancolombia page [Maria open up page [Maria opens the Page bancolombia], Maria productos button [Maria clicks on The button x, Maria clicks on The button Personas]], When select the Inversiones option for Monto mínimo de $500.000 about the Conoce Mas option [Maria inversion options [Maria clicks on The button Personas, Maria clicks on The arrow, Maria clicks on type investment, Maria clicks on More]], And select the Documentos option download the PDF Reglamento de Inversion Virtual Bancolombia [Maria document option [Maria clicks on The button document, Maria clicks on The button download]]
[Test worker] WARN net.thucydides.core.steps.BaseStepListener - stepStarted: net.thucydides.core.steps.ExecutedStepDescription@58cd35f
[Test worker] WARN net.thucydides.core.steps.BaseStepListener - stepStarted: net.thucydides.core.steps.ExecutedStepDescription@7a45acc6
[Test worker] WARN net.thucydides.core.steps.BaseStepListener - stepFinished: current outcome:Generate a pdf from the Bancolombia page:Given Maria enter the Bancolombia page [Maria open up page [Maria opens the Page bancolombia], Maria productos button [Maria clicks on The button x, Maria clicks on The button Personas]], When select the Inversiones option for Monto mínimo de $500.000 about the Conoce Mas option [Maria inversion options [Maria clicks on The button Personas, Maria clicks on The arrow, Maria clicks on type investment, Maria clicks on More]], And select the Documentos option download the PDF Reglamento de Inversion Virtual Bancolombia [Maria document option [Maria clicks on The button document, Maria clicks on The button download]], Then the generated document is Inversión Virtual [Then answer]
[Test worker] WARN net.thucydides.core.steps.BaseStepListener - stepFinished: current outcome:Generate a pdf from the Bancolombia page:Given Maria enter the Bancolombia page [Maria open up page [Maria opens the Page bancolombia], Maria productos button [Maria clicks on The button x, Maria clicks on The button Personas]], When select the Inversiones option for Monto mínimo de $500.000 about the Conoce Mas option [Maria inversion options [Maria clicks on The button Personas, Maria clicks on The arrow, Maria clicks on type investment, Maria clicks on More]], And select the Documentos option download the PDF Reglamento de Inversion Virtual Bancolombia [Maria document option [Maria clicks on The button document, Maria clicks on The button download]], Then the generated document is Inversión Virtual [Then answer]
[Test worker] WARN net.thucydides.core.steps.BaseStepListener - testFinished: Generate a pdf from the Bancolombia page:Given Maria enter the Bancolombia page [Maria open up page [Maria opens the Page bancolombia], Maria productos button [Maria clicks on The button x, Maria clicks on The button Personas]], When select the Inversiones option for Monto mínimo de $500.000 about the Conoce Mas option [Maria inversion options [Maria clicks on The button Personas, Maria clicks on The arrow, Maria clicks on type investment, Maria clicks on More]], And select the Documentos option download the PDF Reglamento de Inversion Virtual Bancolombia [Maria document option [Maria clicks on The button document, Maria clicks on The button download]], Then the generated document is Inversión Virtual [Then answer]
[Test worker] WARN net.thucydides.core.steps.BaseStepListener - TestOutcomes: [Generate a pdf from the Bancolombia page:Given Maria enter the Bancolombia page [Maria open up page [Maria opens the Page bancolombia], Maria productos button [Maria clicks on The button x, Maria clicks on The button Personas]], When select the Inversiones option for Monto mínimo de $500.000 about the Conoce Mas option [Maria inversion options [Maria clicks on The button Personas, Maria clicks on The arrow, Maria clicks on type investment, Maria clicks on More]], And select the Documentos option download the PDF Reglamento de Inversion Virtual Bancolombia [Maria document option [Maria clicks on The button document, Maria clicks on The button download]], Then the generated document is Inversión Virtual [Then answer]]
[Test worker] WARN net.thucydides.core.steps.BaseStepListener - Final testOutcomes: [Generate a pdf from the Bancolombia page:Given Maria enter the Bancolombia page [Maria open up page [Maria opens the Page bancolombia], Maria productos button [Maria clicks on The button x, Maria clicks on The button Personas]], When select the Inversiones option for Monto mínimo de $500.000 about the Conoce Mas option [Maria inversion options [Maria clicks on The button Personas, Maria clicks on The arrow, Maria clicks on type investment, Maria clicks on More]], And select the Documentos option download the PDF Reglamento de Inversion Virtual Bancolombia [Maria document option [Maria clicks on The button document, Maria clicks on The button download]], Then the generated document is Inversión Virtual [Then answer]]
[Test worker] INFO net.thucydides.core.steps.ConsoleLoggingListener - 
        __    _____ _____ ____ _____   ____   _    ____  ____  _____ ____  
  _     \ \  |_   _| ____/ ___|_   _| |  _ \ / \  / ___|/ ___|| ____|  _ \ 
 (_)_____| |   | | |  _| \___ \ | |   | |_) / _ \ \___ \\___ \|  _| | | | |
  _|_____| |   | | | |___ ___) || |   |  __/ ___ \ ___) |___) | |___| |_| |
 (_)     | |   |_| |_____|____/ |_|   |_| /_/   \_\____/|____/|_____|____/ 
        /_/                                                                

TEST PASSED: Generate a pdf from the Bancolombia page
----------------------------------------------------------------------------
]]></system-err>
</testsuite>
